  [1m[35m (286.3ms)[0m  [1m[35mCREATE DATABASE "grammable_development" ENCODING = 'unicode'[0m
  ↳ /home/vagrant/.rbenv/versions/2.5.3/bin/rake:23
  [1m[35m (261.7ms)[0m  [1m[35mCREATE DATABASE "grammable_test" ENCODING = 'unicode'[0m
  ↳ /home/vagrant/.rbenv/versions/2.5.3/bin/rake:23
Started GET "/" for 10.0.2.2 at 2019-10-23 22:37:41 +0000
Cannot render console from 10.0.2.2! Allowed networks: 127.0.0.1, ::1, 127.0.0.0/127.255.255.255
Processing by Rails::WelcomeController#index as HTML
  Rendering /home/vagrant/.rbenv/versions/2.5.3/lib/ruby/gems/2.5.0/gems/railties-5.2.3/lib/rails/templates/rails/welcome/index.html.erb
  Rendered /home/vagrant/.rbenv/versions/2.5.3/lib/ruby/gems/2.5.0/gems/railties-5.2.3/lib/rails/templates/rails/welcome/index.html.erb (3.9ms)
Completed 200 OK in 29ms (Views: 20.9ms | ActiveRecord: 0.0ms)


Started GET "/" for 10.0.2.2 at 2019-10-25 18:56:11 +0000
Cannot render console from 10.0.2.2! Allowed networks: 127.0.0.1, ::1, 127.0.0.0/127.255.255.255
  
AbstractController::ActionNotFound (The action 'index' could not be found for GramsController):
  
actionpack (5.2.3) lib/abstract_controller/base.rb:129:in `process'
actionview (5.2.3) lib/action_view/rendering.rb:32:in `process'
actionpack (5.2.3) lib/action_controller/metal.rb:191:in `dispatch'
actionpack (5.2.3) lib/action_controller/metal.rb:252:in `dispatch'
actionpack (5.2.3) lib/action_dispatch/routing/route_set.rb:52:in `dispatch'
actionpack (5.2.3) lib/action_dispatch/routing/route_set.rb:34:in `serve'
actionpack (5.2.3) lib/action_dispatch/journey/router.rb:52:in `block in serve'
actionpack (5.2.3) lib/action_dispatch/journey/router.rb:35:in `each'
actionpack (5.2.3) lib/action_dispatch/journey/router.rb:35:in `serve'
actionpack (5.2.3) lib/action_dispatch/routing/route_set.rb:840:in `call'
rack (2.0.7) lib/rack/tempfile_reaper.rb:15:in `call'
rack (2.0.7) lib/rack/etag.rb:25:in `call'
rack (2.0.7) lib/rack/conditional_get.rb:25:in `call'
rack (2.0.7) lib/rack/head.rb:12:in `call'
actionpack (5.2.3) lib/action_dispatch/http/content_security_policy.rb:18:in `call'
rack (2.0.7) lib/rack/session/abstract/id.rb:232:in `context'
rack (2.0.7) lib/rack/session/abstract/id.rb:226:in `call'
actionpack (5.2.3) lib/action_dispatch/middleware/cookies.rb:670:in `call'
activerecord (5.2.3) lib/active_record/migration.rb:559:in `call'
actionpack (5.2.3) lib/action_dispatch/middleware/callbacks.rb:28:in `block in call'
activesupport (5.2.3) lib/active_support/callbacks.rb:98:in `run_callbacks'
actionpack (5.2.3) lib/action_dispatch/middleware/callbacks.rb:26:in `call'
actionpack (5.2.3) lib/action_dispatch/middleware/executor.rb:14:in `call'
actionpack (5.2.3) lib/action_dispatch/middleware/debug_exceptions.rb:61:in `call'
web-console (3.7.0) lib/web_console/middleware.rb:135:in `call_app'
web-console (3.7.0) lib/web_console/middleware.rb:22:in `block in call'
web-console (3.7.0) lib/web_console/middleware.rb:20:in `catch'
web-console (3.7.0) lib/web_console/middleware.rb:20:in `call'
actionpack (5.2.3) lib/action_dispatch/middleware/show_exceptions.rb:33:in `call'
railties (5.2.3) lib/rails/rack/logger.rb:38:in `call_app'
railties (5.2.3) lib/rails/rack/logger.rb:26:in `block in call'
activesupport (5.2.3) lib/active_support/tagged_logging.rb:71:in `block in tagged'
activesupport (5.2.3) lib/active_support/tagged_logging.rb:28:in `tagged'
activesupport (5.2.3) lib/active_support/tagged_logging.rb:71:in `tagged'
railties (5.2.3) lib/rails/rack/logger.rb:26:in `call'
sprockets-rails (3.2.1) lib/sprockets/rails/quiet_assets.rb:13:in `call'
actionpack (5.2.3) lib/action_dispatch/middleware/remote_ip.rb:81:in `call'
actionpack (5.2.3) lib/action_dispatch/middleware/request_id.rb:27:in `call'
rack (2.0.7) lib/rack/method_override.rb:22:in `call'
rack (2.0.7) lib/rack/runtime.rb:22:in `call'
activesupport (5.2.3) lib/active_support/cache/strategy/local_cache_middleware.rb:29:in `call'
actionpack (5.2.3) lib/action_dispatch/middleware/executor.rb:14:in `call'
actionpack (5.2.3) lib/action_dispatch/middleware/static.rb:127:in `call'
rack (2.0.7) lib/rack/sendfile.rb:111:in `call'
railties (5.2.3) lib/rails/engine.rb:524:in `call'
puma (3.12.1) lib/puma/configuration.rb:227:in `call'
puma (3.12.1) lib/puma/server.rb:660:in `handle_request'
puma (3.12.1) lib/puma/server.rb:474:in `process_client'
puma (3.12.1) lib/puma/server.rb:334:in `block in run'
puma (3.12.1) lib/puma/thread_pool.rb:135:in `block in spawn_thread'
Started GET "/" for 10.0.2.2 at 2019-10-25 18:57:30 +0000
Cannot render console from 10.0.2.2! Allowed networks: 127.0.0.1, ::1, 127.0.0.0/127.255.255.255
  
AbstractController::ActionNotFound (The action 'index' could not be found for GramsController):
  
actionpack (5.2.3) lib/abstract_controller/base.rb:129:in `process'
actionview (5.2.3) lib/action_view/rendering.rb:32:in `process'
actionpack (5.2.3) lib/action_controller/metal.rb:191:in `dispatch'
actionpack (5.2.3) lib/action_controller/metal.rb:252:in `dispatch'
actionpack (5.2.3) lib/action_dispatch/routing/route_set.rb:52:in `dispatch'
actionpack (5.2.3) lib/action_dispatch/routing/route_set.rb:34:in `serve'
actionpack (5.2.3) lib/action_dispatch/journey/router.rb:52:in `block in serve'
actionpack (5.2.3) lib/action_dispatch/journey/router.rb:35:in `each'
actionpack (5.2.3) lib/action_dispatch/journey/router.rb:35:in `serve'
actionpack (5.2.3) lib/action_dispatch/routing/route_set.rb:840:in `call'
rack (2.0.7) lib/rack/tempfile_reaper.rb:15:in `call'
rack (2.0.7) lib/rack/etag.rb:25:in `call'
rack (2.0.7) lib/rack/conditional_get.rb:25:in `call'
rack (2.0.7) lib/rack/head.rb:12:in `call'
actionpack (5.2.3) lib/action_dispatch/http/content_security_policy.rb:18:in `call'
rack (2.0.7) lib/rack/session/abstract/id.rb:232:in `context'
rack (2.0.7) lib/rack/session/abstract/id.rb:226:in `call'
actionpack (5.2.3) lib/action_dispatch/middleware/cookies.rb:670:in `call'
activerecord (5.2.3) lib/active_record/migration.rb:559:in `call'
actionpack (5.2.3) lib/action_dispatch/middleware/callbacks.rb:28:in `block in call'
activesupport (5.2.3) lib/active_support/callbacks.rb:98:in `run_callbacks'
actionpack (5.2.3) lib/action_dispatch/middleware/callbacks.rb:26:in `call'
actionpack (5.2.3) lib/action_dispatch/middleware/executor.rb:14:in `call'
actionpack (5.2.3) lib/action_dispatch/middleware/debug_exceptions.rb:61:in `call'
web-console (3.7.0) lib/web_console/middleware.rb:135:in `call_app'
web-console (3.7.0) lib/web_console/middleware.rb:22:in `block in call'
web-console (3.7.0) lib/web_console/middleware.rb:20:in `catch'
web-console (3.7.0) lib/web_console/middleware.rb:20:in `call'
actionpack (5.2.3) lib/action_dispatch/middleware/show_exceptions.rb:33:in `call'
railties (5.2.3) lib/rails/rack/logger.rb:38:in `call_app'
railties (5.2.3) lib/rails/rack/logger.rb:26:in `block in call'
activesupport (5.2.3) lib/active_support/tagged_logging.rb:71:in `block in tagged'
activesupport (5.2.3) lib/active_support/tagged_logging.rb:28:in `tagged'
activesupport (5.2.3) lib/active_support/tagged_logging.rb:71:in `tagged'
railties (5.2.3) lib/rails/rack/logger.rb:26:in `call'
sprockets-rails (3.2.1) lib/sprockets/rails/quiet_assets.rb:13:in `call'
actionpack (5.2.3) lib/action_dispatch/middleware/remote_ip.rb:81:in `call'
actionpack (5.2.3) lib/action_dispatch/middleware/request_id.rb:27:in `call'
rack (2.0.7) lib/rack/method_override.rb:22:in `call'
rack (2.0.7) lib/rack/runtime.rb:22:in `call'
activesupport (5.2.3) lib/active_support/cache/strategy/local_cache_middleware.rb:29:in `call'
actionpack (5.2.3) lib/action_dispatch/middleware/executor.rb:14:in `call'
actionpack (5.2.3) lib/action_dispatch/middleware/static.rb:127:in `call'
rack (2.0.7) lib/rack/sendfile.rb:111:in `call'
railties (5.2.3) lib/rails/engine.rb:524:in `call'
puma (3.12.1) lib/puma/configuration.rb:227:in `call'
puma (3.12.1) lib/puma/server.rb:660:in `handle_request'
puma (3.12.1) lib/puma/server.rb:474:in `process_client'
puma (3.12.1) lib/puma/server.rb:334:in `block in run'
puma (3.12.1) lib/puma/thread_pool.rb:135:in `block in spawn_thread'
Started GET "/" for 10.0.2.2 at 2019-10-25 18:58:24 +0000
Cannot render console from 10.0.2.2! Allowed networks: 127.0.0.1, ::1, 127.0.0.0/127.255.255.255
Processing by GramsController#index as HTML
Completed 406 Not Acceptable in 1496ms (ActiveRecord: 0.0ms)


  
ActionController::UnknownFormat (GramsController#index is missing a template for this request format and variant.

request.formats: ["text/html"]
request.variant: []

NOTE! For XHR/Ajax or API requests, this action would normally respond with 204 No Content: an empty white screen. Since you're loading it in a web browser, we assume that you expected to actually render a template, not nothing, so we're showing an error to be extra-clear. If you expect 204 No Content, carry on. That's what you'll get from an XHR or API request. Give it a shot.):
  
actionpack (5.2.3) lib/action_controller/metal/implicit_render.rb:55:in `default_render'
actionpack (5.2.3) lib/action_controller/metal/basic_implicit_render.rb:6:in `block in send_action'
actionpack (5.2.3) lib/action_controller/metal/basic_implicit_render.rb:6:in `tap'
actionpack (5.2.3) lib/action_controller/metal/basic_implicit_render.rb:6:in `send_action'
actionpack (5.2.3) lib/abstract_controller/base.rb:194:in `process_action'
actionpack (5.2.3) lib/action_controller/metal/rendering.rb:30:in `process_action'
actionpack (5.2.3) lib/abstract_controller/callbacks.rb:42:in `block in process_action'
activesupport (5.2.3) lib/active_support/callbacks.rb:132:in `run_callbacks'
actionpack (5.2.3) lib/abstract_controller/callbacks.rb:41:in `process_action'
actionpack (5.2.3) lib/action_controller/metal/rescue.rb:22:in `process_action'
actionpack (5.2.3) lib/action_controller/metal/instrumentation.rb:34:in `block in process_action'
activesupport (5.2.3) lib/active_support/notifications.rb:168:in `block in instrument'
activesupport (5.2.3) lib/active_support/notifications/instrumenter.rb:23:in `instrument'
activesupport (5.2.3) lib/active_support/notifications.rb:168:in `instrument'
actionpack (5.2.3) lib/action_controller/metal/instrumentation.rb:32:in `process_action'
actionpack (5.2.3) lib/action_controller/metal/params_wrapper.rb:256:in `process_action'
activerecord (5.2.3) lib/active_record/railties/controller_runtime.rb:24:in `process_action'
actionpack (5.2.3) lib/abstract_controller/base.rb:134:in `process'
actionview (5.2.3) lib/action_view/rendering.rb:32:in `process'
actionpack (5.2.3) lib/action_controller/metal.rb:191:in `dispatch'
actionpack (5.2.3) lib/action_controller/metal.rb:252:in `dispatch'
actionpack (5.2.3) lib/action_dispatch/routing/route_set.rb:52:in `dispatch'
actionpack (5.2.3) lib/action_dispatch/routing/route_set.rb:34:in `serve'
actionpack (5.2.3) lib/action_dispatch/journey/router.rb:52:in `block in serve'
actionpack (5.2.3) lib/action_dispatch/journey/router.rb:35:in `each'
actionpack (5.2.3) lib/action_dispatch/journey/router.rb:35:in `serve'
actionpack (5.2.3) lib/action_dispatch/routing/route_set.rb:840:in `call'
rack (2.0.7) lib/rack/tempfile_reaper.rb:15:in `call'
rack (2.0.7) lib/rack/etag.rb:25:in `call'
rack (2.0.7) lib/rack/conditional_get.rb:25:in `call'
rack (2.0.7) lib/rack/head.rb:12:in `call'
actionpack (5.2.3) lib/action_dispatch/http/content_security_policy.rb:18:in `call'
rack (2.0.7) lib/rack/session/abstract/id.rb:232:in `context'
rack (2.0.7) lib/rack/session/abstract/id.rb:226:in `call'
actionpack (5.2.3) lib/action_dispatch/middleware/cookies.rb:670:in `call'
activerecord (5.2.3) lib/active_record/migration.rb:559:in `call'
actionpack (5.2.3) lib/action_dispatch/middleware/callbacks.rb:28:in `block in call'
activesupport (5.2.3) lib/active_support/callbacks.rb:98:in `run_callbacks'
actionpack (5.2.3) lib/action_dispatch/middleware/callbacks.rb:26:in `call'
actionpack (5.2.3) lib/action_dispatch/middleware/executor.rb:14:in `call'
actionpack (5.2.3) lib/action_dispatch/middleware/debug_exceptions.rb:61:in `call'
web-console (3.7.0) lib/web_console/middleware.rb:135:in `call_app'
web-console (3.7.0) lib/web_console/middleware.rb:22:in `block in call'
web-console (3.7.0) lib/web_console/middleware.rb:20:in `catch'
web-console (3.7.0) lib/web_console/middleware.rb:20:in `call'
actionpack (5.2.3) lib/action_dispatch/middleware/show_exceptions.rb:33:in `call'
railties (5.2.3) lib/rails/rack/logger.rb:38:in `call_app'
railties (5.2.3) lib/rails/rack/logger.rb:26:in `block in call'
activesupport (5.2.3) lib/active_support/tagged_logging.rb:71:in `block in tagged'
activesupport (5.2.3) lib/active_support/tagged_logging.rb:28:in `tagged'
activesupport (5.2.3) lib/active_support/tagged_logging.rb:71:in `tagged'
railties (5.2.3) lib/rails/rack/logger.rb:26:in `call'
sprockets-rails (3.2.1) lib/sprockets/rails/quiet_assets.rb:13:in `call'
actionpack (5.2.3) lib/action_dispatch/middleware/remote_ip.rb:81:in `call'
actionpack (5.2.3) lib/action_dispatch/middleware/request_id.rb:27:in `call'
rack (2.0.7) lib/rack/method_override.rb:22:in `call'
rack (2.0.7) lib/rack/runtime.rb:22:in `call'
activesupport (5.2.3) lib/active_support/cache/strategy/local_cache_middleware.rb:29:in `call'
actionpack (5.2.3) lib/action_dispatch/middleware/executor.rb:14:in `call'
actionpack (5.2.3) lib/action_dispatch/middleware/static.rb:127:in `call'
rack (2.0.7) lib/rack/sendfile.rb:111:in `call'
railties (5.2.3) lib/rails/engine.rb:524:in `call'
puma (3.12.1) lib/puma/configuration.rb:227:in `call'
puma (3.12.1) lib/puma/server.rb:660:in `handle_request'
puma (3.12.1) lib/puma/server.rb:474:in `process_client'
puma (3.12.1) lib/puma/server.rb:334:in `block in run'
puma (3.12.1) lib/puma/thread_pool.rb:135:in `block in spawn_thread'
Started GET "/" for 10.0.2.2 at 2019-10-25 18:59:49 +0000
Cannot render console from 10.0.2.2! Allowed networks: 127.0.0.1, ::1, 127.0.0.0/127.255.255.255
Processing by GramsController#index as HTML
  Rendering grams/index.html.erb within layouts/application
  Rendered grams/index.html.erb within layouts/application (0.3ms)
Completed 200 OK in 1311ms (Views: 1285.6ms | ActiveRecord: 0.0ms)


  [1m[35m (19.2ms)[0m  [1m[35mCREATE TABLE "schema_migrations" ("version" character varying NOT NULL PRIMARY KEY)[0m
  ↳ /home/vagrant/.rbenv/versions/2.5.3/bin/rake:23
  [1m[35m (2.5ms)[0m  [1m[35mCREATE TABLE "ar_internal_metadata" ("key" character varying NOT NULL PRIMARY KEY, "value" character varying, "created_at" timestamp NOT NULL, "updated_at" timestamp NOT NULL)[0m
  ↳ /home/vagrant/.rbenv/versions/2.5.3/bin/rake:23
  [1m[35m (0.2ms)[0m  [1m[34mSELECT pg_try_advisory_lock(5866445207947997295)[0m
  ↳ /home/vagrant/.rbenv/versions/2.5.3/bin/rake:23
  [1m[35m (0.3ms)[0m  [1m[34mSELECT "schema_migrations"."version" FROM "schema_migrations" ORDER BY "schema_migrations"."version" ASC[0m
  ↳ /home/vagrant/.rbenv/versions/2.5.3/bin/rake:23
Migrating to CreateGrams (20191025233203)
  [1m[35m (0.1ms)[0m  [1m[35mBEGIN[0m
  ↳ /home/vagrant/.rbenv/versions/2.5.3/bin/rake:23
  [1m[35m (2.9ms)[0m  [1m[35mCREATE TABLE "grams" ("id" bigserial primary key, "messsage" text, "created_at" timestamp NOT NULL, "updated_at" timestamp NOT NULL)[0m
  ↳ db/migrate/20191025233203_create_grams.rb:3
  [1m[36mActiveRecord::SchemaMigration Create (0.3ms)[0m  [1m[32mINSERT INTO "schema_migrations" ("version") VALUES ($1) RETURNING "version"[0m  [["version", "20191025233203"]]
  ↳ /home/vagrant/.rbenv/versions/2.5.3/bin/rake:23
  [1m[35m (0.3ms)[0m  [1m[35mCOMMIT[0m
  ↳ /home/vagrant/.rbenv/versions/2.5.3/bin/rake:23
  [1m[36mActiveRecord::InternalMetadata Load (0.2ms)[0m  [1m[34mSELECT  "ar_internal_metadata".* FROM "ar_internal_metadata" WHERE "ar_internal_metadata"."key" = $1 LIMIT $2[0m  [["key", "environment"], ["LIMIT", 1]]
  ↳ /home/vagrant/.rbenv/versions/2.5.3/bin/rake:23
  [1m[35m (0.1ms)[0m  [1m[35mBEGIN[0m
  ↳ /home/vagrant/.rbenv/versions/2.5.3/bin/rake:23
  [1m[36mActiveRecord::InternalMetadata Create (0.3ms)[0m  [1m[32mINSERT INTO "ar_internal_metadata" ("key", "value", "created_at", "updated_at") VALUES ($1, $2, $3, $4) RETURNING "key"[0m  [["key", "environment"], ["value", "development"], ["created_at", "2019-10-25 23:34:04.173522"], ["updated_at", "2019-10-25 23:34:04.173522"]]
  ↳ /home/vagrant/.rbenv/versions/2.5.3/bin/rake:23
  [1m[35m (0.4ms)[0m  [1m[35mCOMMIT[0m
  ↳ /home/vagrant/.rbenv/versions/2.5.3/bin/rake:23
  [1m[35m (0.1ms)[0m  [1m[34mSELECT pg_advisory_unlock(5866445207947997295)[0m
  ↳ /home/vagrant/.rbenv/versions/2.5.3/bin/rake:23
  [1m[35m (0.2ms)[0m  [1m[34mSELECT "schema_migrations"."version" FROM "schema_migrations" ORDER BY "schema_migrations"."version" ASC[0m
  ↳ /home/vagrant/.rbenv/versions/2.5.3/bin/rake:23
Started GET "/" for 10.0.2.2 at 2019-10-25 23:53:28 +0000
Cannot render console from 10.0.2.2! Allowed networks: 127.0.0.1, ::1, 127.0.0.0/127.255.255.255
  [1m[35m (0.3ms)[0m  [1m[34mSELECT "schema_migrations"."version" FROM "schema_migrations" ORDER BY "schema_migrations"."version" ASC[0m
  ↳ /home/vagrant/.rbenv/versions/2.5.3/lib/ruby/gems/2.5.0/gems/activerecord-5.2.3/lib/active_record/log_subscriber.rb:98
Processing by GramsController#index as HTML
  Rendering grams/index.html.erb within layouts/application
  Rendered grams/index.html.erb within layouts/application (0.8ms)
Completed 200 OK in 9659ms (Views: 9628.8ms | ActiveRecord: 0.0ms)


Started GET "/new" for 10.0.2.2 at 2019-10-25 23:53:45 +0000
Cannot render console from 10.0.2.2! Allowed networks: 127.0.0.1, ::1, 127.0.0.0/127.255.255.255
  
ActionController::RoutingError (No route matches [GET] "/new"):
  
actionpack (5.2.3) lib/action_dispatch/middleware/debug_exceptions.rb:65:in `call'
web-console (3.7.0) lib/web_console/middleware.rb:135:in `call_app'
web-console (3.7.0) lib/web_console/middleware.rb:22:in `block in call'
web-console (3.7.0) lib/web_console/middleware.rb:20:in `catch'
web-console (3.7.0) lib/web_console/middleware.rb:20:in `call'
actionpack (5.2.3) lib/action_dispatch/middleware/show_exceptions.rb:33:in `call'
railties (5.2.3) lib/rails/rack/logger.rb:38:in `call_app'
railties (5.2.3) lib/rails/rack/logger.rb:26:in `block in call'
activesupport (5.2.3) lib/active_support/tagged_logging.rb:71:in `block in tagged'
activesupport (5.2.3) lib/active_support/tagged_logging.rb:28:in `tagged'
activesupport (5.2.3) lib/active_support/tagged_logging.rb:71:in `tagged'
railties (5.2.3) lib/rails/rack/logger.rb:26:in `call'
sprockets-rails (3.2.1) lib/sprockets/rails/quiet_assets.rb:13:in `call'
actionpack (5.2.3) lib/action_dispatch/middleware/remote_ip.rb:81:in `call'
actionpack (5.2.3) lib/action_dispatch/middleware/request_id.rb:27:in `call'
rack (2.0.7) lib/rack/method_override.rb:22:in `call'
rack (2.0.7) lib/rack/runtime.rb:22:in `call'
activesupport (5.2.3) lib/active_support/cache/strategy/local_cache_middleware.rb:29:in `call'
actionpack (5.2.3) lib/action_dispatch/middleware/executor.rb:14:in `call'
actionpack (5.2.3) lib/action_dispatch/middleware/static.rb:127:in `call'
rack (2.0.7) lib/rack/sendfile.rb:111:in `call'
railties (5.2.3) lib/rails/engine.rb:524:in `call'
puma (3.12.1) lib/puma/configuration.rb:227:in `call'
puma (3.12.1) lib/puma/server.rb:660:in `handle_request'
puma (3.12.1) lib/puma/server.rb:474:in `process_client'
puma (3.12.1) lib/puma/server.rb:334:in `block in run'
puma (3.12.1) lib/puma/thread_pool.rb:135:in `block in spawn_thread'
Started GET "/grams/new" for 10.0.2.2 at 2019-10-25 23:53:56 +0000
Cannot render console from 10.0.2.2! Allowed networks: 127.0.0.1, ::1, 127.0.0.0/127.255.255.255
Processing by GramsController#new as HTML
  Rendering grams/new.html.erb within layouts/application
  Rendered grams/new.html.erb within layouts/application (66.2ms)
Completed 500 Internal Server Error in 158ms (ActiveRecord: 0.0ms)


  
ActionView::Template::Error (undefined method `model_name' for nil:NilClass):
    1: <h1> New Grams </h1>
    2: 
    3: <%= simple_form_for @gram do |f| %>
    4:   <%= f.input :message %>
    5:   <%= f.submit "Post!" %>
    6: <% end %>
  
app/views/grams/new.html.erb:3:in `_app_views_grams_new_html_erb___380455820474870668_70255256880000'
Started GET "/grams/new" for 10.0.2.2 at 2019-10-25 23:54:53 +0000
Cannot render console from 10.0.2.2! Allowed networks: 127.0.0.1, ::1, 127.0.0.0/127.255.255.255
Processing by GramsController#new as HTML
  Rendering grams/new.html.erb within layouts/application
  Rendered grams/new.html.erb within layouts/application (24.1ms)
Completed 500 Internal Server Error in 116ms (ActiveRecord: 0.0ms)


  
ActionView::Template::Error (undefined method `model_name' for nil:NilClass):
    1: <h1> New Grams </h1>
    2: 
    3: <%= simple_form_for @gram do |f| %>
    4:   <%= f.input :message %>
    5:   <%= f.submit "Post!" %>
    6: <% end %>
  
app/views/grams/new.html.erb:3:in `_app_views_grams_new_html_erb___380455820474870668_70255239955400'
  [1m[35m (0.1ms)[0m  [1m[34mSELECT pg_try_advisory_lock(5866445207947997295)[0m
  ↳ /home/vagrant/.rbenv/versions/2.5.3/bin/rake:23
  [1m[35m (0.4ms)[0m  [1m[34mSELECT "schema_migrations"."version" FROM "schema_migrations" ORDER BY "schema_migrations"."version" ASC[0m
  ↳ /home/vagrant/.rbenv/versions/2.5.3/bin/rake:23
  [1m[36mActiveRecord::InternalMetadata Load (0.3ms)[0m  [1m[34mSELECT  "ar_internal_metadata".* FROM "ar_internal_metadata" WHERE "ar_internal_metadata"."key" = $1 LIMIT $2[0m  [["key", "environment"], ["LIMIT", 1]]
  ↳ /home/vagrant/.rbenv/versions/2.5.3/bin/rake:23
  [1m[35m (0.1ms)[0m  [1m[35mBEGIN[0m
  ↳ /home/vagrant/.rbenv/versions/2.5.3/bin/rake:23
  [1m[35m (0.1ms)[0m  [1m[35mCOMMIT[0m
  ↳ /home/vagrant/.rbenv/versions/2.5.3/bin/rake:23
  [1m[35m (0.1ms)[0m  [1m[34mSELECT pg_advisory_unlock(5866445207947997295)[0m
  ↳ /home/vagrant/.rbenv/versions/2.5.3/bin/rake:23
  [1m[35m (0.1ms)[0m  [1m[34mSELECT "schema_migrations"."version" FROM "schema_migrations" ORDER BY "schema_migrations"."version" ASC[0m
  ↳ /home/vagrant/.rbenv/versions/2.5.3/bin/rake:23
Started GET "/" for 10.0.2.2 at 2019-10-26 00:25:08 +0000
Cannot render console from 10.0.2.2! Allowed networks: 127.0.0.1, ::1, 127.0.0.0/127.255.255.255
  [1m[35m (0.4ms)[0m  [1m[34mSELECT "schema_migrations"."version" FROM "schema_migrations" ORDER BY "schema_migrations"."version" ASC[0m
  ↳ /home/vagrant/.rbenv/versions/2.5.3/lib/ruby/gems/2.5.0/gems/activerecord-5.2.3/lib/active_record/log_subscriber.rb:98
Processing by GramsController#index as HTML
  Rendering grams/index.html.erb within layouts/application
  Rendered grams/index.html.erb within layouts/application (0.7ms)
Completed 200 OK in 1436ms (Views: 1407.6ms | ActiveRecord: 0.0ms)


Started GET "/grams/new" for 10.0.2.2 at 2019-10-26 00:25:19 +0000
Cannot render console from 10.0.2.2! Allowed networks: 127.0.0.1, ::1, 127.0.0.0/127.255.255.255
Processing by GramsController#new as HTML
  Rendering grams/new.html.erb within layouts/application
  Rendered grams/new.html.erb within layouts/application (166.6ms)
Completed 500 Internal Server Error in 276ms (ActiveRecord: 3.2ms)


  
ActionView::Template::Error (undefined method `message' for #<Gram id: nil, messsage: nil, created_at: nil, updated_at: nil>
Did you mean?  messsage
               messsage?
               messsage=):
    1: <h1> New Grams </h1>
    2: 
    3: <%= simple_form_for @gram do |f| %>
    4:   <%= f.input :message %>
    5:   <%= f.submit "Post!" %>
    6: <% end %>
  
app/views/grams/new.html.erb:4:in `block in _app_views_grams_new_html_erb___2119630955543599648_70174352199680'
app/views/grams/new.html.erb:3:in `_app_views_grams_new_html_erb___2119630955543599648_70174352199680'
Started GET "/grams/new" for 10.0.2.2 at 2019-10-26 00:25:50 +0000
Cannot render console from 10.0.2.2! Allowed networks: 127.0.0.1, ::1, 127.0.0.0/127.255.255.255
Processing by GramsController#new as HTML
  Rendering grams/new.html.erb within layouts/application
  Rendered grams/new.html.erb within layouts/application (62.7ms)
Completed 500 Internal Server Error in 152ms (ActiveRecord: 0.0ms)


  
ActionView::Template::Error (undefined method `message' for #<Gram id: nil, messsage: nil, created_at: nil, updated_at: nil>
Did you mean?  messsage
               messsage?
               messsage=):
    1: <h1> New Grams </h1>
    2: 
    3: <%= simple_form_for @gram do |f| %>
    4:   <%= f.input :message %>
    5:   <%= f.submit "Post!" %>
    6: <% end %>
  
app/views/grams/new.html.erb:4:in `block in _app_views_grams_new_html_erb___2119630955543599648_70174375140640'
app/views/grams/new.html.erb:3:in `_app_views_grams_new_html_erb___2119630955543599648_70174375140640'
Started GET "/" for 10.0.2.2 at 2019-10-28 20:38:13 +0000
Cannot render console from 10.0.2.2! Allowed networks: 127.0.0.1, ::1, 127.0.0.0/127.255.255.255
Processing by GramsController#index as HTML
  Rendering grams/index.html.erb within layouts/application
  Rendered grams/index.html.erb within layouts/application (0.3ms)
Completed 200 OK in 393ms (Views: 370.1ms | ActiveRecord: 0.0ms)


  [1m[35m (0.1ms)[0m  [1m[34mSELECT pg_try_advisory_lock(5866445207947997295)[0m
  ↳ /home/vagrant/.rbenv/versions/2.5.3/bin/rake:23
  [1m[35m (0.4ms)[0m  [1m[34mSELECT "schema_migrations"."version" FROM "schema_migrations" ORDER BY "schema_migrations"."version" ASC[0m
  ↳ /home/vagrant/.rbenv/versions/2.5.3/bin/rake:23
  [1m[36mActiveRecord::InternalMetadata Load (0.2ms)[0m  [1m[34mSELECT  "ar_internal_metadata".* FROM "ar_internal_metadata" WHERE "ar_internal_metadata"."key" = $1 LIMIT $2[0m  [["key", "environment"], ["LIMIT", 1]]
  ↳ /home/vagrant/.rbenv/versions/2.5.3/bin/rake:23
  [1m[35m (0.1ms)[0m  [1m[35mBEGIN[0m
  ↳ /home/vagrant/.rbenv/versions/2.5.3/bin/rake:23
  [1m[35m (0.1ms)[0m  [1m[35mCOMMIT[0m
  ↳ /home/vagrant/.rbenv/versions/2.5.3/bin/rake:23
  [1m[35m (0.1ms)[0m  [1m[34mSELECT pg_advisory_unlock(5866445207947997295)[0m
  ↳ /home/vagrant/.rbenv/versions/2.5.3/bin/rake:23
  [1m[35m (0.1ms)[0m  [1m[34mSELECT "schema_migrations"."version" FROM "schema_migrations" ORDER BY "schema_migrations"."version" ASC[0m
  ↳ /home/vagrant/.rbenv/versions/2.5.3/bin/rake:23
Started GET "/grams/new" for 10.0.2.2 at 2019-10-28 21:04:46 +0000
Cannot render console from 10.0.2.2! Allowed networks: 127.0.0.1, ::1, 127.0.0.0/127.255.255.255
  [1m[35m (0.4ms)[0m  [1m[34mSELECT "schema_migrations"."version" FROM "schema_migrations" ORDER BY "schema_migrations"."version" ASC[0m
  ↳ /home/vagrant/.rbenv/versions/2.5.3/lib/ruby/gems/2.5.0/gems/activerecord-5.2.3/lib/active_record/log_subscriber.rb:98
Processing by GramsController#new as HTML
  Rendering grams/new.html.erb within layouts/application
  Rendered grams/new.html.erb within layouts/application (97.2ms)
Completed 500 Internal Server Error in 207ms (ActiveRecord: 3.1ms)


  
ActionView::Template::Error (undefined method `message' for #<Gram id: nil, messsage: nil, created_at: nil, updated_at: nil>
Did you mean?  messsage
               messsage?
               messsage=):
    1: <h1> New Grams </h1>
    2: 
    3: <%= simple_form_for @gram do |f| %>
    4:   <%= f.input :message %>
    5:   <%= f.submit "Post!" %>
    6: <% end %>
  
app/views/grams/new.html.erb:4:in `block in _app_views_grams_new_html_erb__2858027940301935609_69819744894320'
app/views/grams/new.html.erb:3:in `_app_views_grams_new_html_erb__2858027940301935609_69819744894320'
  [1m[36mGram Load (0.3ms)[0m  [1m[34mSELECT  "grams".* FROM "grams" LIMIT $1[0m  [["LIMIT", 11]]
  [1m[35m (0.1ms)[0m  [1m[34mSELECT pg_try_advisory_lock(5866445207947997295)[0m
  ↳ /home/vagrant/.rbenv/versions/2.5.3/bin/rake:23
  [1m[35m (0.4ms)[0m  [1m[34mSELECT "schema_migrations"."version" FROM "schema_migrations" ORDER BY "schema_migrations"."version" ASC[0m
  ↳ /home/vagrant/.rbenv/versions/2.5.3/bin/rake:23
Migrating to RenameColumn (20191028211122)
  [1m[35m (0.1ms)[0m  [1m[35mBEGIN[0m
  ↳ /home/vagrant/.rbenv/versions/2.5.3/bin/rake:23
  [1m[35m (0.5ms)[0m  [1m[35mALTER TABLE "grams" RENAME COLUMN "messsages" TO "messsages"[0m
  ↳ db/migrate/20191028211122_rename_column.rb:3
  [1m[35m (0.1ms)[0m  [1m[31mROLLBACK[0m
  ↳ /home/vagrant/.rbenv/versions/2.5.3/bin/rake:23
  [1m[35m (0.1ms)[0m  [1m[34mSELECT pg_advisory_unlock(5866445207947997295)[0m
  ↳ /home/vagrant/.rbenv/versions/2.5.3/bin/rake:23
  [1m[35m (0.1ms)[0m  [1m[34mSELECT pg_try_advisory_lock(5866445207947997295)[0m
  ↳ /home/vagrant/.rbenv/versions/2.5.3/bin/rake:23
  [1m[35m (0.6ms)[0m  [1m[34mSELECT "schema_migrations"."version" FROM "schema_migrations" ORDER BY "schema_migrations"."version" ASC[0m
  ↳ /home/vagrant/.rbenv/versions/2.5.3/bin/rake:23
Migrating to RenameColumn (20191028211122)
  [1m[35m (0.1ms)[0m  [1m[35mBEGIN[0m
  ↳ /home/vagrant/.rbenv/versions/2.5.3/bin/rake:23
  [1m[35m (0.5ms)[0m  [1m[35mALTER TABLE "grams" RENAME COLUMN "messsage" TO "messsage"[0m
  ↳ db/migrate/20191028211122_rename_column.rb:3
  [1m[35m (0.1ms)[0m  [1m[31mROLLBACK[0m
  ↳ /home/vagrant/.rbenv/versions/2.5.3/bin/rake:23
  [1m[35m (0.1ms)[0m  [1m[34mSELECT pg_advisory_unlock(5866445207947997295)[0m
  ↳ /home/vagrant/.rbenv/versions/2.5.3/bin/rake:23
  [1m[35m (0.1ms)[0m  [1m[34mSELECT pg_try_advisory_lock(5866445207947997295)[0m
  ↳ /home/vagrant/.rbenv/versions/2.5.3/bin/rake:23
  [1m[35m (0.4ms)[0m  [1m[34mSELECT "schema_migrations"."version" FROM "schema_migrations" ORDER BY "schema_migrations"."version" ASC[0m
  ↳ /home/vagrant/.rbenv/versions/2.5.3/bin/rake:23
Migrating to RenameColumn (20191028211122)
  [1m[35m (0.1ms)[0m  [1m[35mBEGIN[0m
  ↳ /home/vagrant/.rbenv/versions/2.5.3/bin/rake:23
  [1m[35m (0.3ms)[0m  [1m[35mALTER TABLE "grams" RENAME COLUMN "messsage" TO "message"[0m
  ↳ db/migrate/20191028211122_rename_column.rb:3
  [1m[36mActiveRecord::SchemaMigration Create (0.2ms)[0m  [1m[32mINSERT INTO "schema_migrations" ("version") VALUES ($1) RETURNING "version"[0m  [["version", "20191028211122"]]
  ↳ /home/vagrant/.rbenv/versions/2.5.3/bin/rake:23
  [1m[35m (1.0ms)[0m  [1m[35mCOMMIT[0m
  ↳ /home/vagrant/.rbenv/versions/2.5.3/bin/rake:23
  [1m[36mActiveRecord::InternalMetadata Load (0.2ms)[0m  [1m[34mSELECT  "ar_internal_metadata".* FROM "ar_internal_metadata" WHERE "ar_internal_metadata"."key" = $1 LIMIT $2[0m  [["key", "environment"], ["LIMIT", 1]]
  ↳ /home/vagrant/.rbenv/versions/2.5.3/bin/rake:23
  [1m[35m (0.1ms)[0m  [1m[35mBEGIN[0m
  ↳ /home/vagrant/.rbenv/versions/2.5.3/bin/rake:23
  [1m[35m (0.1ms)[0m  [1m[35mCOMMIT[0m
  ↳ /home/vagrant/.rbenv/versions/2.5.3/bin/rake:23
  [1m[35m (0.1ms)[0m  [1m[34mSELECT pg_advisory_unlock(5866445207947997295)[0m
  ↳ /home/vagrant/.rbenv/versions/2.5.3/bin/rake:23
  [1m[35m (0.2ms)[0m  [1m[34mSELECT "schema_migrations"."version" FROM "schema_migrations" ORDER BY "schema_migrations"."version" ASC[0m
  ↳ /home/vagrant/.rbenv/versions/2.5.3/bin/rake:23
Started GET "/grams/new" for 10.0.2.2 at 2019-10-28 21:15:49 +0000
Cannot render console from 10.0.2.2! Allowed networks: 127.0.0.1, ::1, 127.0.0.0/127.255.255.255
  [1m[35m (0.4ms)[0m  [1m[34mSELECT "schema_migrations"."version" FROM "schema_migrations" ORDER BY "schema_migrations"."version" ASC[0m
  ↳ /home/vagrant/.rbenv/versions/2.5.3/lib/ruby/gems/2.5.0/gems/activerecord-5.2.3/lib/active_record/log_subscriber.rb:98
Processing by GramsController#new as HTML
  Rendering grams/new.html.erb within layouts/application
  Rendered grams/new.html.erb within layouts/application (19.4ms)
Completed 200 OK in 1533ms (Views: 1490.9ms | ActiveRecord: 3.6ms)


Started POST "/grams" for 10.0.2.2 at 2019-10-28 21:16:00 +0000
Cannot render console from 10.0.2.2! Allowed networks: 127.0.0.1, ::1, 127.0.0.0/127.255.255.255
Processing by GramsController#create as HTML
  Parameters: {"utf8"=>"✓", "authenticity_token"=>"N4aNY8T1dxGrXYnI6FuKq4psyfZ+hVqfsUo9pKUQm7Z5JalYjjMFrXmjm5Ie3pOeh4K9FFpwchgMFo5pLjaC6g==", "gram"=>{"message"=>"hey!"}, "commit"=>"Post!"}
  [1m[35m (0.1ms)[0m  [1m[35mBEGIN[0m
  ↳ app/controllers/grams_controller.rb:12
  [1m[36mGram Create (0.6ms)[0m  [1m[32mINSERT INTO "grams" ("message", "created_at", "updated_at") VALUES ($1, $2, $3) RETURNING "id"[0m  [["message", "hey!"], ["created_at", "2019-10-28 21:16:00.078900"], ["updated_at", "2019-10-28 21:16:00.078900"]]
  ↳ app/controllers/grams_controller.rb:12
  [1m[35m (0.5ms)[0m  [1m[35mCOMMIT[0m
  ↳ app/controllers/grams_controller.rb:12
Redirected to http://localhost:3030/
Completed 302 Found in 6ms (ActiveRecord: 1.2ms)


Started GET "/" for 10.0.2.2 at 2019-10-28 21:16:00 +0000
Cannot render console from 10.0.2.2! Allowed networks: 127.0.0.1, ::1, 127.0.0.0/127.255.255.255
Processing by GramsController#index as HTML
  Rendering grams/index.html.erb within layouts/application
  Rendered grams/index.html.erb within layouts/application (0.3ms)
Completed 200 OK in 370ms (Views: 346.2ms | ActiveRecord: 0.0ms)


  [1m[36mGram Load (0.2ms)[0m  [1m[34mSELECT  "grams".* FROM "grams" LIMIT $1[0m  [["LIMIT", 11]]
Started GET "/grams/new" for 10.0.2.2 at 2019-10-28 21:26:14 +0000
Cannot render console from 10.0.2.2! Allowed networks: 127.0.0.1, ::1, 127.0.0.0/127.255.255.255
Processing by GramsController#new as HTML
  Rendering grams/new.html.erb within layouts/application
  Rendered grams/new.html.erb within layouts/application (31.4ms)
Completed 200 OK in 406ms (Views: 367.4ms | ActiveRecord: 0.0ms)


Started GET "/" for 10.0.2.2 at 2019-10-28 21:44:59 +0000
Cannot render console from 10.0.2.2! Allowed networks: 127.0.0.1, ::1, 127.0.0.0/127.255.255.255
Processing by GramsController#index as HTML
  Rendering grams/index.html.erb within layouts/application
  Rendered grams/index.html.erb within layouts/application (0.3ms)
Completed 200 OK in 347ms (Views: 323.8ms | ActiveRecord: 0.0ms)


Started GET "/" for 10.0.2.2 at 2019-10-28 21:45:36 +0000
Cannot render console from 10.0.2.2! Allowed networks: 127.0.0.1, ::1, 127.0.0.0/127.255.255.255
Processing by GramsController#index as HTML
  Rendering grams/index.html.erb within layouts/application
  Rendered grams/index.html.erb within layouts/application (0.3ms)
Completed 200 OK in 346ms (Views: 316.5ms | ActiveRecord: 0.0ms)


  [1m[35m (0.2ms)[0m  [1m[34mSELECT pg_try_advisory_lock(5866445207947997295)[0m
  ↳ /home/vagrant/.rbenv/versions/2.5.3/bin/rake:23
  [1m[35m (0.5ms)[0m  [1m[34mSELECT "schema_migrations"."version" FROM "schema_migrations" ORDER BY "schema_migrations"."version" ASC[0m
  ↳ /home/vagrant/.rbenv/versions/2.5.3/bin/rake:23
Migrating to DeviseCreateUsers (20191028214731)
  [1m[35m (0.2ms)[0m  [1m[35mBEGIN[0m
  ↳ /home/vagrant/.rbenv/versions/2.5.3/bin/rake:23
  [1m[35m (3.4ms)[0m  [1m[35mCREATE TABLE "users" ("id" bigserial primary key, "email" character varying DEFAULT '' NOT NULL, "encrypted_password" character varying DEFAULT '' NOT NULL, "reset_password_token" character varying, "reset_password_sent_at" timestamp, "remember_created_at" timestamp, "created_at" timestamp NOT NULL, "updated_at" timestamp NOT NULL)[0m
  ↳ db/migrate/20191028214731_devise_create_users.rb:5
  [1m[35m (1.0ms)[0m  [1m[35mCREATE UNIQUE INDEX  "index_users_on_email" ON "users"  ("email")[0m
  ↳ db/migrate/20191028214731_devise_create_users.rb:39
  [1m[35m (2.0ms)[0m  [1m[35mCREATE UNIQUE INDEX  "index_users_on_reset_password_token" ON "users"  ("reset_password_token")[0m
  ↳ db/migrate/20191028214731_devise_create_users.rb:40
  [1m[36mActiveRecord::SchemaMigration Create (0.4ms)[0m  [1m[32mINSERT INTO "schema_migrations" ("version") VALUES ($1) RETURNING "version"[0m  [["version", "20191028214731"]]
  ↳ /home/vagrant/.rbenv/versions/2.5.3/bin/rake:23
  [1m[35m (0.7ms)[0m  [1m[35mCOMMIT[0m
  ↳ /home/vagrant/.rbenv/versions/2.5.3/bin/rake:23
  [1m[36mActiveRecord::InternalMetadata Load (0.3ms)[0m  [1m[34mSELECT  "ar_internal_metadata".* FROM "ar_internal_metadata" WHERE "ar_internal_metadata"."key" = $1 LIMIT $2[0m  [["key", "environment"], ["LIMIT", 1]]
  ↳ /home/vagrant/.rbenv/versions/2.5.3/bin/rake:23
  [1m[35m (0.4ms)[0m  [1m[35mBEGIN[0m
  ↳ /home/vagrant/.rbenv/versions/2.5.3/bin/rake:23
  [1m[35m (0.4ms)[0m  [1m[35mCOMMIT[0m
  ↳ /home/vagrant/.rbenv/versions/2.5.3/bin/rake:23
  [1m[35m (0.3ms)[0m  [1m[34mSELECT pg_advisory_unlock(5866445207947997295)[0m
  ↳ /home/vagrant/.rbenv/versions/2.5.3/bin/rake:23
  [1m[35m (0.3ms)[0m  [1m[34mSELECT "schema_migrations"."version" FROM "schema_migrations" ORDER BY "schema_migrations"."version" ASC[0m
  ↳ /home/vagrant/.rbenv/versions/2.5.3/bin/rake:23
Started GET "/" for 10.0.2.2 at 2019-10-28 21:54:17 +0000
Cannot render console from 10.0.2.2! Allowed networks: 127.0.0.1, ::1, 127.0.0.0/127.255.255.255
  
NoMethodError (undefined method `devise_for' for #<ActionDispatch::Routing::Mapper:0x00007f0030cf7380>):
  
config/routes.rb:2:in `block in <top (required)>'
config/routes.rb:1:in `<top (required)>'
Started GET "/" for 10.0.2.2 at 2019-10-28 21:54:33 +0000
Cannot render console from 10.0.2.2! Allowed networks: 127.0.0.1, ::1, 127.0.0.0/127.255.255.255
  [1m[35m (0.4ms)[0m  [1m[34mSELECT "schema_migrations"."version" FROM "schema_migrations" ORDER BY "schema_migrations"."version" ASC[0m
  ↳ /home/vagrant/.rbenv/versions/2.5.3/lib/ruby/gems/2.5.0/gems/activerecord-5.2.3/lib/active_record/log_subscriber.rb:98
Processing by GramsController#index as HTML
  Rendering grams/index.html.erb within layouts/application
  Rendered grams/index.html.erb within layouts/application (1.4ms)
Completed 200 OK in 1409ms (Views: 1374.8ms | ActiveRecord: 0.0ms)


